<?xml version="1.0" encoding="UTF-8"?>
<testsuite xmlns:xsi="http://www.w3.org/2001/XMLSchema-instance" xsi:noNamespaceSchemaLocation="https://maven.apache.org/surefire/maven-surefire-plugin/xsd/surefire-test-report-3.0.xsd" version="3.0" name="com.mycompany.messageappp2.LOGINTest" time="0.133" tests="22" errors="0" skipped="0" failures="0">
  <properties>
    <property name="java.specification.version" value="21"/>
    <property name="sun.cpu.isalist" value="amd64"/>
    <property name="sun.jnu.encoding" value="Cp1252"/>
    <property name="java.class.path" value="C:\Users\lab_services_student\OneDrive - ADvTECH Ltd\MessageAppP2\target\test-classes;C:\Users\lab_services_student\OneDrive - ADvTECH Ltd\MessageAppP2\target\classes;C:\Users\lab_services_student\.m2\repository\com\googlecode\json-simple\json-simple\1.1.1\json-simple-1.1.1.jar;C:\Users\lab_services_student\.m2\repository\junit\junit\4.10\junit-4.10.jar;C:\Users\lab_services_student\.m2\repository\org\hamcrest\hamcrest-core\1.1\hamcrest-core-1.1.jar;"/>
    <property name="java.vm.vendor" value="Amazon.com Inc."/>
    <property name="sun.arch.data.model" value="64"/>
    <property name="user.variant" value=""/>
    <property name="java.vendor.url" value="https://aws.amazon.com/corretto/"/>
    <property name="user.timezone" value="Africa/Johannesburg"/>
    <property name="os.name" value="Windows 11"/>
    <property name="java.vm.specification.version" value="21"/>
    <property name="user.country" value="US"/>
    <property name="sun.java.launcher" value="SUN_STANDARD"/>
    <property name="sun.boot.library.path" value="C:\Program Files\Amazon Corretto\jdk21.0.5_11\bin"/>
    <property name="sun.java.command" value="C:\Users\lab_services_student\AppData\Local\Temp\surefire17098426829762154321\surefirebooter-20250526124113436_3.jar C:\Users\lab_services_student\AppData\Local\Temp\surefire17098426829762154321 2025-05-26T12-41-13_239-jvmRun1 surefire-20250526124113436_1tmp surefire_0-20250526124113436_2tmp"/>
    <property name="jdk.debug" value="release"/>
    <property name="test" value="com.mycompany.messageappp2.LOGINTest"/>
    <property name="surefire.test.class.path" value="C:\Users\lab_services_student\OneDrive - ADvTECH Ltd\MessageAppP2\target\test-classes;C:\Users\lab_services_student\OneDrive - ADvTECH Ltd\MessageAppP2\target\classes;C:\Users\lab_services_student\.m2\repository\com\googlecode\json-simple\json-simple\1.1.1\json-simple-1.1.1.jar;C:\Users\lab_services_student\.m2\repository\junit\junit\4.10\junit-4.10.jar;C:\Users\lab_services_student\.m2\repository\org\hamcrest\hamcrest-core\1.1\hamcrest-core-1.1.jar;"/>
    <property name="sun.cpu.endian" value="little"/>
    <property name="user.home" value="C:\Users\lab_services_student"/>
    <property name="user.language" value="en"/>
    <property name="java.specification.vendor" value="Oracle Corporation"/>
    <property name="java.version.date" value="2024-10-15"/>
    <property name="java.home" value="C:\Program Files\Amazon Corretto\jdk21.0.5_11"/>
    <property name="file.separator" value="\"/>
    <property name="basedir" value="C:\Users\lab_services_student\OneDrive - ADvTECH Ltd\MessageAppP2"/>
    <property name="java.vm.compressedOopsMode" value="Zero based"/>
    <property name="line.separator" value="&#10;"/>
    <property name="java.vm.specification.vendor" value="Oracle Corporation"/>
    <property name="java.specification.name" value="Java Platform API Specification"/>
    <property name="surefire.real.class.path" value="C:\Users\lab_services_student\AppData\Local\Temp\surefire17098426829762154321\surefirebooter-20250526124113436_3.jar"/>
    <property name="user.script" value=""/>
    <property name="sun.management.compiler" value="HotSpot 64-Bit Tiered Compilers"/>
    <property name="java.runtime.version" value="21.0.5+11-LTS"/>
    <property name="user.name" value="lab_services_student"/>
    <property name="stdout.encoding" value="Cp1252"/>
    <property name="path.separator" value=";"/>
    <property name="os.version" value="10.0"/>
    <property name="java.runtime.name" value="OpenJDK Runtime Environment"/>
    <property name="file.encoding" value="UTF-8"/>
    <property name="java.vm.name" value="OpenJDK 64-Bit Server VM"/>
    <property name="java.vendor.version" value="Corretto-21.0.5.11.1"/>
    <property name="maven.ext.class.path" value="C:\Program Files\NetBeans-24\netbeans\java\maven-nblib\netbeans-eventspy.jar"/>
    <property name="localRepository" value="C:\Users\lab_services_student\.m2\repository"/>
    <property name="java.vendor.url.bug" value="https://github.com/corretto/corretto-21/issues/"/>
    <property name="java.io.tmpdir" value="C:\Users\LAB_SE~1\AppData\Local\Temp\"/>
    <property name="java.version" value="21.0.5"/>
    <property name="user.dir" value="C:\Users\lab_services_student\OneDrive - ADvTECH Ltd\MessageAppP2"/>
    <property name="os.arch" value="amd64"/>
    <property name="java.vm.specification.name" value="Java Virtual Machine Specification"/>
    <property name="sun.os.patch.level" value=""/>
    <property name="native.encoding" value="Cp1252"/>
    <property name="java.library.path" value="C:\Program Files\Amazon Corretto\jdk21.0.5_11\bin;C:\Windows\Sun\Java\bin;C:\Windows\system32;C:\Windows;C:\Program Files\Amazon Corretto\jdk21.0.5_11\bin;C:\Program Files (x86)\Common Files\Oracle\Java\java8path;C:\Program Files (x86)\Common Files\Oracle\Java\javapath;C:\Program Files (x86)\Microsoft SDKs\Azure\CLI2\wbin;C:\Windows\system32;C:\Windows;C:\Windows\System32\Wbem;C:\Windows\System32\WindowsPowerShell\v1.0\;C:\Windows\System32\OpenSSH\;C:\Program Files\GitHub CLI\;C:\Users\vmadmin\AppData\Local\Microsoft\WindowsApps;C:\Program Files\Azure Dev CLI;C:\Program Files\PowerShell\7\;C:\Program Files\Microsoft VS Code\bin;C:\ProgramData\chocolatey\bin;C:\Program Files\Git\cmd;C:\Users\lab_services_student\AppData\Local\Microsoft\WindowsApps;C:\Users\lab_services_student\AppData\Local\GitHubDesktop\bin;C:\tools\mysql\current\bin;."/>
    <property name="java.vm.info" value="mixed mode, sharing"/>
    <property name="stderr.encoding" value="Cp1252"/>
    <property name="java.vendor" value="Amazon.com Inc."/>
    <property name="java.vm.version" value="21.0.5+11-LTS"/>
    <property name="sun.io.unicode.encoding" value="UnicodeLittle"/>
    <property name="java.class.version" value="65.0"/>
  </properties>
  <testcase name="testLoginUser_Failure" classname="com.mycompany.messageappp2.LOGINTest" time="0.008"/>
  <testcase name="testSendMessage_Option2" classname="com.mycompany.messageappp2.LOGINTest" time="0.018"/>
  <testcase name="testRegUser_AllValid" classname="com.mycompany.messageappp2.LOGINTest" time="0.001"/>
  <testcase name="testRecipientCell_Invalid" classname="com.mycompany.messageappp2.LOGINTest" time="0.0"/>
  <testcase name="testCheckUserName_Valid" classname="com.mycompany.messageappp2.LOGINTest" time="0.0"/>
  <testcase name="testRecipientCell_Valid" classname="com.mycompany.messageappp2.LOGINTest" time="0.001"/>
  <testcase name="testCheckUserName_Invalid" classname="com.mycompany.messageappp2.LOGINTest" time="0.001"/>
  <testcase name="testReturnTotalMessages" classname="com.mycompany.messageappp2.LOGINTest" time="0.001"/>
  <testcase name="testSendMessage_Option1" classname="com.mycompany.messageappp2.LOGINTest" time="0.006"/>
  <testcase name="testLoginUser_Success" classname="com.mycompany.messageappp2.LOGINTest" time="0.001"/>
  <testcase name="testMesssageID_LengthValid" classname="com.mycompany.messageappp2.LOGINTest" time="0.0"/>
  <testcase name="testSendMessage_Option3" classname="com.mycompany.messageappp2.LOGINTest" time="0.002"/>
  <testcase name="testCheckPasswordComplexity_Invalid" classname="com.mycompany.messageappp2.LOGINTest" time="0.002"/>
  <testcase name="testUsernameTooLongEvenWithUnderscore" classname="com.mycompany.messageappp2.LOGINTest" time="0.004"/>
  <testcase name="testCheckPasswordComplexity_Valid" classname="com.mycompany.messageappp2.LOGINTest" time="0.0"/>
  <testcase name="testReturnLoginStatus_Failure" classname="com.mycompany.messageappp2.LOGINTest" time="0.001"/>
  <testcase name="testSendMessage_InvalidOption" classname="com.mycompany.messageappp2.LOGINTest" time="0.0"/>
  <testcase name="testCheckCellPhoneNumber_Invalid" classname="com.mycompany.messageappp2.LOGINTest" time="0.002"/>
  <testcase name="testRegUser_InvalidUsername" classname="com.mycompany.messageappp2.LOGINTest" time="0.001"/>
  <testcase name="testCheckCellPhoneNumber_Valid" classname="com.mycompany.messageappp2.LOGINTest" time="0.0"/>
  <testcase name="testCreateMessageHash_Format" classname="com.mycompany.messageappp2.LOGINTest" time="0.0"/>
  <testcase name="testReturnLoginStatus_Success" classname="com.mycompany.messageappp2.LOGINTest" time="0.007"/>
</testsuite>